[01:24:04] [main/INFO] (FabricLoader/GameProvider) Loading Minecraft 1.20.1 with Fabric Loader 0.16.10
[01:24:05] [main/INFO] (FabricLoader) Loading 59 mods:
	- builderui 0.1-1.20.1
	- fabric-api 0.92.6+1.20.1
	- fabric-api-base 0.4.32+1802ada577
	- fabric-api-lookup-api-v1 1.6.37+1802ada577
	- fabric-biome-api-v1 13.0.14+1802ada577
	- fabric-block-api-v1 1.0.12+1802ada577
	- fabric-block-view-api-v2 1.0.3+924f046a77
	- fabric-blockrenderlayer-v1 1.1.42+1802ada577
	- fabric-client-tags-api-v1 1.1.3+1802ada577
	- fabric-command-api-v1 1.2.35+f71b366f77
	- fabric-command-api-v2 2.2.14+1802ada577
	- fabric-commands-v0 0.2.52+df3654b377
	- fabric-containers-v0 0.1.67+df3654b377
	- fabric-content-registries-v0 4.0.13+1802ada577
	- fabric-convention-tags-v1 1.5.6+1802ada577
	- fabric-crash-report-info-v1 0.2.20+1802ada577
	- fabric-data-attachment-api-v1 1.0.2+de0fd6d177
	- fabric-data-generation-api-v1 12.3.7+1802ada577
	- fabric-dimensions-v1 2.1.55+1802ada577
	- fabric-entity-events-v1 1.6.1+1c78457f77
	- fabric-events-interaction-v0 0.6.5+13a40c6677
	- fabric-events-lifecycle-v0 0.2.64+df3654b377
	- fabric-game-rule-api-v1 1.0.41+1802ada577
	- fabric-gametest-api-v1 1.2.15+1802ada577
	- fabric-item-api-v1 2.1.29+1802ada577
	- fabric-item-group-api-v1 4.0.14+1802ada577
	- fabric-key-binding-api-v1 1.0.38+1802ada577
	- fabric-keybindings-v0 0.2.36+df3654b377
	- fabric-lifecycle-events-v1 2.2.23+1802ada577
	- fabric-loot-api-v2 1.2.3+1802ada577
	- fabric-loot-tables-v1 1.1.47+9e7660c677
	- fabric-message-api-v1 5.1.10+1802ada577
	- fabric-mining-level-api-v1 2.1.52+1802ada577
	- fabric-model-loading-api-v1 1.0.4+1802ada577
	- fabric-models-v0 0.4.3+9386d8a777
	- fabric-networking-api-v1 1.3.14+a158aa0477
	- fabric-networking-v0 0.3.54+df3654b377
	- fabric-object-builder-api-v1 11.1.5+e35120df77
	- fabric-particles-v1 1.1.3+1802ada577
	- fabric-recipe-api-v1 1.0.24+1802ada577
	- fabric-registry-sync-v0 2.3.6+1802ada577
	- fabric-renderer-api-v1 3.2.2+1802ada577
	- fabric-renderer-indigo 1.5.3+85287f9f77
	- fabric-renderer-registries-v1 3.2.47+df3654b377
	- fabric-rendering-data-attachment-v1 0.3.39+92a0d36777
	- fabric-rendering-fluids-v1 3.0.29+1802ada577
	- fabric-rendering-v0 1.1.50+df3654b377
	- fabric-rendering-v1 3.0.9+1802ada577
	- fabric-resource-conditions-api-v1 2.3.9+1802ada577
	- fabric-resource-loader-v0 0.11.12+fb82e9d777
	- fabric-screen-api-v1 2.0.9+1802ada577
	- fabric-screen-handler-api-v1 1.3.33+1802ada577
	- fabric-sound-api-v1 1.0.14+1802ada577
	- fabric-transfer-api-v1 3.3.6+8dd72ea377
	- fabric-transitive-access-wideners-v1 4.3.2+1802ada577
	- fabricloader 0.16.10
	- java 21
	- minecraft 1.20.1
	- mixinextras 0.4.1
[01:24:05] [main/INFO] (FabricLoader/Mixin) SpongePowered MIXIN Subsystem Version=0.8.7 Source=file:/C:/Users/lolly/.gradle/caches/modules-2/files-2.1/net.fabricmc/sponge-mixin/0.15.4+mixin.0.8.7/6a12aacc794f1078458433116e9ed42c1cc98096/sponge-mixin-0.15.4+mixin.0.8.7.jar Service=Knot/Fabric Env=CLIENT
[01:24:06] [main/INFO] (FabricLoader/Mixin) Loaded Fabric development mappings for mixin remapper!
[01:24:06] [main/INFO] (FabricLoader/Mixin) Compatibility level set to JAVA_17
[01:24:08] [main/INFO] (FabricLoader/MixinExtras|Service) Initializing MixinExtras via com.llamalad7.mixinextras.service.MixinExtrasServiceImpl(version=0.4.1).
[01:24:19] [Datafixer Bootstrap/INFO] (Minecraft) 188 Datafixer optimizations took 360 milliseconds
[01:24:23] [Render thread/INFO] (Minecraft) [STDERR]: [LWJGL] [ThreadLocalUtil] Unsupported JNI version detected, this may result in a crash. Please inform LWJGL developers.
[01:24:23] [Render thread/INFO] (Minecraft) Environment: authHost='https://authserver.mojang.com', accountsHost='https://api.mojang.com', sessionHost='https://sessionserver.mojang.com', servicesHost='https://api.minecraftservices.com', name='PROD'
[01:24:25] [Render thread/ERROR] (Minecraft) Failed to verify authentication
com.mojang.authlib.exceptions.InvalidCredentialsException: Status: 401
	at com.mojang.authlib.exceptions.MinecraftClientHttpException.toAuthenticationException(MinecraftClientHttpException.java:56) ~[authlib-4.0.43.jar:?]
	at com.mojang.authlib.yggdrasil.YggdrasilUserApiService.fetchProperties(YggdrasilUserApiService.java:156) ~[authlib-4.0.43.jar:?]
	at com.mojang.authlib.yggdrasil.YggdrasilUserApiService.<init>(YggdrasilUserApiService.java:55) ~[authlib-4.0.43.jar:?]
	at com.mojang.authlib.yggdrasil.YggdrasilAuthenticationService.createUserApiService(YggdrasilAuthenticationService.java:124) ~[authlib-4.0.43.jar:?]
	at net.minecraft.client.MinecraftClient.createUserApiService(MinecraftClient.java:733) ~[minecraft-merged-e572a196b7-1.20.1-net.fabricmc.yarn.1_20_1.1.20.1+build.9-v2.jar:?]
	at net.minecraft.client.MinecraftClient.<init>(MinecraftClient.java:442) ~[minecraft-merged-e572a196b7-1.20.1-net.fabricmc.yarn.1_20_1.1.20.1+build.9-v2.jar:?]
	at net.minecraft.client.main.Main.main(Main.java:211) ~[minecraft-merged-e572a196b7-1.20.1-net.fabricmc.yarn.1_20_1.1.20.1+build.9-v2.jar:?]
	at net.fabricmc.loader.impl.game.minecraft.MinecraftGameProvider.launch(MinecraftGameProvider.java:480) ~[fabric-loader-0.16.10.jar:?]
	at net.fabricmc.loader.impl.launch.knot.Knot.launch(Knot.java:74) ~[fabric-loader-0.16.10.jar:?]
	at net.fabricmc.loader.impl.launch.knot.KnotClient.main(KnotClient.java:23) ~[fabric-loader-0.16.10.jar:?]
	at net.fabricmc.devlaunchinjector.Main.main(Main.java:86) ~[dev-launch-injector-0.2.1+build.8.jar:?]
Caused by: com.mojang.authlib.exceptions.MinecraftClientHttpException: Status: 401
	at com.mojang.authlib.minecraft.client.MinecraftClient.readInputStream(MinecraftClient.java:85) ~[authlib-4.0.43.jar:?]
	at com.mojang.authlib.minecraft.client.MinecraftClient.get(MinecraftClient.java:48) ~[authlib-4.0.43.jar:?]
	at com.mojang.authlib.yggdrasil.YggdrasilUserApiService.fetchProperties(YggdrasilUserApiService.java:129) ~[authlib-4.0.43.jar:?]
	... 9 more
[01:24:25] [Render thread/INFO] (Minecraft) Setting user: Player745
[01:24:25] [Render thread/INFO] (builderui) Builder UI Mod initialized!
[01:24:25] [Render thread/INFO] (Indigo) [Indigo] Registering Indigo renderer!
[01:24:26] [Render thread/INFO] (Minecraft) Backend library: LWJGL version 3.3.2-snapshot
[01:24:29] [Render thread/INFO] (Minecraft) Reloading ResourceManager: vanilla, fabric (fabric-block-view-api-v2, fabric-rendering-data-attachment-v1, fabric-networking-api-v1, fabric-model-loading-api-v1, fabric-networking-v0, fabric-screen-handler-api-v1, fabric-object-builder-api-v1, fabric-transfer-api-v1, fabric-entity-events-v1, fabric-block-api-v1, fabric-data-attachment-api-v1, fabric-gametest-api-v1, fabric-registry-sync-v0, fabric-lifecycle-events-v1, fabric-api, fabric-mining-level-api-v1, fabric-resource-loader-v0, fabric-command-api-v2, fabric-sound-api-v1, fabric-message-api-v1, fabric-client-tags-api-v1, fabric-rendering-v1, fabric-loot-api-v2, fabric-particles-v1, fabric-item-api-v1, fabric-command-api-v1, fabric-screen-api-v1, fabric-events-lifecycle-v0, fabric-api-lookup-api-v1, fabric-keybindings-v0, fabric-renderer-indigo, fabric-recipe-api-v1, fabric-transitive-access-wideners-v1, fabric-dimensions-v1, fabric-convention-tags-v1, fabric-key-binding-api-v1, fabric-models-v0, fabric-renderer-registries-v1, fabric-containers-v0, fabric-item-group-api-v1, fabric-api-base, fabric-game-rule-api-v1, fabric-commands-v0, fabric-renderer-api-v1, fabric-rendering-v0, fabric-content-registries-v0, fabric-blockrenderlayer-v1, fabricloader, fabric-data-generation-api-v1, fabric-loot-tables-v1, fabric-biome-api-v1, fabric-events-interaction-v0, fabric-rendering-fluids-v1, fabric-crash-report-info-v1, fabric-resource-conditions-api-v1)
[01:24:29] [Worker-Main-10/INFO] (Minecraft) Found unifont_all_no_pua-15.0.06.hex, loading
[01:24:33] [Render thread/WARN] (Minecraft) Missing sound for event: minecraft:item.goat_horn.play
[01:24:33] [Render thread/WARN] (Minecraft) Missing sound for event: minecraft:entity.goat.screaming.horn_break
[01:24:33] [Render thread/INFO] (Minecraft) OpenAL initialized on device OpenAL Soft on Speakers (G560 Gaming Speaker)
[01:24:33] [Render thread/INFO] (Minecraft) Sound engine started
[01:24:33] [Render thread/INFO] (Minecraft) Created: 1024x512x4 minecraft:textures/atlas/blocks.png-atlas
[01:24:33] [Render thread/INFO] (Minecraft) Created: 256x256x4 minecraft:textures/atlas/signs.png-atlas
[01:24:33] [Render thread/INFO] (Minecraft) Created: 512x512x4 minecraft:textures/atlas/shield_patterns.png-atlas
[01:24:33] [Render thread/INFO] (Minecraft) Created: 512x512x4 minecraft:textures/atlas/banner_patterns.png-atlas
[01:24:33] [Render thread/INFO] (Minecraft) Created: 1024x1024x4 minecraft:textures/atlas/armor_trims.png-atlas
[01:24:33] [Render thread/INFO] (Minecraft) Created: 128x64x4 minecraft:textures/atlas/decorated_pot.png-atlas
[01:24:33] [Render thread/INFO] (Minecraft) Created: 256x256x4 minecraft:textures/atlas/chest.png-atlas
[01:24:33] [Render thread/INFO] (Minecraft) Created: 512x256x4 minecraft:textures/atlas/beds.png-atlas
[01:24:33] [Render thread/INFO] (Minecraft) Created: 512x256x4 minecraft:textures/atlas/shulker_boxes.png-atlas
[01:24:34] [Render thread/WARN] (Minecraft) Shader rendertype_entity_translucent_emissive could not find sampler named Sampler2 in the specified shader program.
[01:24:34] [Render thread/INFO] (Minecraft) Created: 256x256x0 minecraft:textures/atlas/particles.png-atlas
[01:24:34] [Render thread/INFO] (Minecraft) Created: 256x256x0 minecraft:textures/atlas/paintings.png-atlas
[01:24:34] [Render thread/INFO] (Minecraft) Created: 128x128x0 minecraft:textures/atlas/mob_effects.png-atlas
[01:24:39] [Realms Notification Availability checker #1/INFO] (Minecraft) Could not authorize you against Realms server: java.lang.RuntimeException: Failed to parse into SignedJWT: FabricMC
[01:24:42] [Render thread/INFO] (Minecraft) Loaded 7 recipes
[01:24:42] [Render thread/INFO] (Minecraft) Loaded 1271 advancements
[01:24:49] [Render thread/INFO] (BiomeModificationImpl) Applied 0 biome modifications to 0 of 64 new biomes in 3.043 ms
[01:24:49] [Server thread/INFO] (Minecraft) Starting integrated minecraft server version 1.20.1
[01:24:49] [Server thread/INFO] (Minecraft) Generating keypair
[01:24:57] [Server thread/INFO] (Minecraft) Preparing start region for dimension minecraft:overworld
[01:24:58] [Render thread/INFO] (Minecraft) Preparing spawn area: 0%
[01:24:58] [Render thread/INFO] (Minecraft) Preparing spawn area: 0%
[01:24:58] [Render thread/INFO] (Minecraft) Preparing spawn area: 0%
[01:24:59] [Render thread/INFO] (Minecraft) Preparing spawn area: 0%
[01:24:59] [Render thread/INFO] (Minecraft) Preparing spawn area: 0%
[01:25:00] [Render thread/INFO] (Minecraft) Preparing spawn area: 0%
[01:25:00] [Render thread/INFO] (Minecraft) Preparing spawn area: 1%
[01:25:01] [Render thread/INFO] (Minecraft) Preparing spawn area: 2%
[01:25:01] [Render thread/INFO] (Minecraft) Preparing spawn area: 3%
[01:25:02] [Render thread/INFO] (Minecraft) Preparing spawn area: 4%
[01:25:02] [Render thread/INFO] (Minecraft) Preparing spawn area: 4%
[01:25:03] [Render thread/INFO] (Minecraft) Preparing spawn area: 5%
[01:25:03] [Render thread/INFO] (Minecraft) Preparing spawn area: 6%
[01:25:04] [Render thread/INFO] (Minecraft) Preparing spawn area: 8%
[01:25:04] [Render thread/INFO] (Minecraft) Preparing spawn area: 10%
[01:25:05] [Render thread/INFO] (Minecraft) Preparing spawn area: 11%
[01:25:05] [Render thread/INFO] (Minecraft) Preparing spawn area: 12%
[01:25:07] [Render thread/INFO] (Minecraft) Preparing spawn area: 14%
[01:25:07] [Render thread/INFO] (Minecraft) Preparing spawn area: 14%
[01:25:07] [Render thread/INFO] (Minecraft) Preparing spawn area: 14%
[01:25:07] [Render thread/INFO] (Minecraft) Preparing spawn area: 16%
[01:25:08] [Render thread/INFO] (Minecraft) Preparing spawn area: 17%
[01:25:08] [Render thread/INFO] (Minecraft) Preparing spawn area: 18%
[01:25:09] [Render thread/INFO] (Minecraft) Preparing spawn area: 20%
[01:25:09] [Render thread/INFO] (Minecraft) Preparing spawn area: 22%
[01:25:10] [Render thread/INFO] (Minecraft) Preparing spawn area: 24%
[01:25:10] [Render thread/INFO] (Minecraft) Preparing spawn area: 27%
[01:25:11] [Render thread/INFO] (Minecraft) Preparing spawn area: 29%
[01:25:11] [Render thread/INFO] (Minecraft) Preparing spawn area: 31%
[01:25:12] [Render thread/INFO] (Minecraft) Preparing spawn area: 32%
[01:25:12] [Render thread/INFO] (Minecraft) Preparing spawn area: 34%
[01:25:13] [Render thread/INFO] (Minecraft) Preparing spawn area: 36%
[01:25:13] [Render thread/INFO] (Minecraft) Preparing spawn area: 39%
[01:25:14] [Render thread/INFO] (Minecraft) Preparing spawn area: 40%
[01:25:14] [Render thread/INFO] (Minecraft) Preparing spawn area: 41%
[01:25:15] [Render thread/INFO] (Minecraft) Preparing spawn area: 42%
[01:25:15] [Render thread/INFO] (Minecraft) Preparing spawn area: 43%
[01:25:16] [Render thread/INFO] (Minecraft) Preparing spawn area: 45%
[01:25:16] [Render thread/INFO] (Minecraft) Preparing spawn area: 46%
[01:25:17] [Render thread/INFO] (Minecraft) Preparing spawn area: 49%
[01:25:17] [Render thread/INFO] (Minecraft) Preparing spawn area: 52%
[01:25:18] [Render thread/INFO] (Minecraft) Preparing spawn area: 53%
[01:25:18] [Render thread/INFO] (Minecraft) Preparing spawn area: 54%
[01:25:19] [Render thread/INFO] (Minecraft) Preparing spawn area: 56%
[01:25:19] [Render thread/INFO] (Minecraft) Preparing spawn area: 57%
[01:25:20] [Render thread/INFO] (Minecraft) Preparing spawn area: 58%
[01:25:20] [Render thread/INFO] (Minecraft) Preparing spawn area: 60%
[01:25:21] [Render thread/INFO] (Minecraft) Preparing spawn area: 63%
[01:25:21] [Render thread/INFO] (Minecraft) Preparing spawn area: 65%
[01:25:22] [Render thread/INFO] (Minecraft) Preparing spawn area: 65%
[01:25:22] [Render thread/INFO] (Minecraft) Preparing spawn area: 68%
[01:25:23] [Render thread/INFO] (Minecraft) Preparing spawn area: 68%
[01:25:23] [Render thread/INFO] (Minecraft) Preparing spawn area: 69%
[01:25:24] [Render thread/INFO] (Minecraft) Preparing spawn area: 71%
[01:25:24] [Render thread/INFO] (Minecraft) Preparing spawn area: 74%
[01:25:25] [Render thread/INFO] (Minecraft) Preparing spawn area: 76%
[01:25:25] [Render thread/INFO] (Minecraft) Preparing spawn area: 79%
[01:25:26] [Render thread/INFO] (Minecraft) Preparing spawn area: 81%
[01:25:26] [Render thread/INFO] (Minecraft) Preparing spawn area: 83%
[01:25:27] [Render thread/INFO] (Minecraft) Preparing spawn area: 84%
[01:25:27] [Render thread/INFO] (Minecraft) Preparing spawn area: 85%
[01:25:28] [Render thread/INFO] (Minecraft) Preparing spawn area: 87%
[01:25:28] [Render thread/INFO] (Minecraft) Preparing spawn area: 90%
[01:25:29] [Render thread/INFO] (Minecraft) Preparing spawn area: 91%
[01:25:29] [Render thread/INFO] (Minecraft) Preparing spawn area: 93%
[01:25:30] [Render thread/INFO] (Minecraft) Preparing spawn area: 95%
[01:25:30] [Render thread/INFO] (Minecraft) Preparing spawn area: 97%
[01:25:31] [Render thread/INFO] (Minecraft) Preparing spawn area: 99%
[01:25:31] [Render thread/INFO] (Minecraft) Time elapsed: 33775 ms
[01:25:31] [Server thread/INFO] (Minecraft) Changing view distance to 12, from 10
[01:25:31] [Server thread/INFO] (Minecraft) Changing simulation distance to 12, from 0
[01:25:33] [Server thread/INFO] (Minecraft) Player745[local:E:c94cef91] logged in with entity id 214 at (-70.5, 74.0, -128.5)
[01:25:33] [Server thread/INFO] (Minecraft) Player745 joined the game
[01:25:35] [Render thread/INFO] (Minecraft) Loaded 2 advancements
[01:25:36] [Server thread/INFO] (Minecraft) Saving and pausing game...
[01:25:36] [Server thread/INFO] (Minecraft) Saving chunks for level 'ServerLevel[New World]'/minecraft:overworld
[01:25:38] [Server thread/INFO] (Minecraft) Saving chunks for level 'ServerLevel[New World]'/minecraft:the_nether
[01:25:38] [Server thread/INFO] (Minecraft) Saving chunks for level 'ServerLevel[New World]'/minecraft:the_end
[01:25:38] [Server thread/WARN] (Minecraft) Can't keep up! Is the server overloaded? Running 2903ms or 58 ticks behind
[01:26:05] [Server thread/INFO] (Minecraft) Saving and pausing game...
[01:26:05] [Server thread/INFO] (Minecraft) Saving chunks for level 'ServerLevel[New World]'/minecraft:overworld
[01:26:05] [Server thread/INFO] (Minecraft) Saving chunks for level 'ServerLevel[New World]'/minecraft:the_nether
[01:26:05] [Server thread/INFO] (Minecraft) Saving chunks for level 'ServerLevel[New World]'/minecraft:the_end
[01:27:30] [Server thread/INFO] (Minecraft) Saving and pausing game...
[01:27:30] [Server thread/INFO] (Minecraft) Saving chunks for level 'ServerLevel[New World]'/minecraft:overworld
[01:27:30] [Server thread/INFO] (Minecraft) Saving chunks for level 'ServerLevel[New World]'/minecraft:the_nether
[01:27:30] [Server thread/INFO] (Minecraft) Saving chunks for level 'ServerLevel[New World]'/minecraft:the_end
[01:28:36] [Server thread/INFO] (Minecraft) Saving and pausing game...
[01:28:36] [Server thread/INFO] (Minecraft) Saving chunks for level 'ServerLevel[New World]'/minecraft:overworld
[01:28:36] [Server thread/INFO] (Minecraft) Saving chunks for level 'ServerLevel[New World]'/minecraft:the_nether
[01:28:36] [Server thread/INFO] (Minecraft) Saving chunks for level 'ServerLevel[New World]'/minecraft:the_end
[01:33:35] [Server thread/INFO] (Minecraft) Player745 lost connection: Disconnected
[01:33:35] [Server thread/INFO] (Minecraft) Player745 left the game
[01:33:35] [Server thread/INFO] (Minecraft) Stopping singleplayer server as player logged out
[01:33:35] [Server thread/INFO] (Minecraft) Stopping server
[01:33:35] [Server thread/INFO] (Minecraft) Saving players
[01:33:35] [Server thread/INFO] (Minecraft) Saving worlds
[01:33:36] [Server thread/INFO] (Minecraft) Saving chunks for level 'ServerLevel[New World]'/minecraft:overworld
[01:33:38] [Server thread/INFO] (Minecraft) Saving chunks for level 'ServerLevel[New World]'/minecraft:the_nether
[01:33:38] [Server thread/INFO] (Minecraft) Saving chunks for level 'ServerLevel[New World]'/minecraft:the_end
[01:33:38] [Server thread/INFO] (Minecraft) ThreadedAnvilChunkStorage (New World): All chunks are saved
[01:33:38] [Server thread/INFO] (Minecraft) ThreadedAnvilChunkStorage (DIM-1): All chunks are saved
[01:33:38] [Server thread/INFO] (Minecraft) ThreadedAnvilChunkStorage (DIM1): All chunks are saved
[01:33:38] [Server thread/INFO] (Minecraft) ThreadedAnvilChunkStorage: All dimensions are saved
